2023-10-23 19:20:44 admin LOGIN
2023-10-23 19:20:45 admin LOGOUT
2023-10-23 19:21:02 admin LOGIN
2023-10-23 19:21:24 admin LOGOUT
2023-10-23 19:21:34 iglnierod LOGIN
2023-10-23 19:21:37 iglnierod LOGOUT
2023-10-23 19:23:31 iglnierod LOGIN
2023-10-23 19:24:35 iglnierod LOGIN
2023-10-23 19:24:37 iglnierod LOGOUT
2023-10-23 19:24:52 iglnierod LOGIN
2023-10-23 19:25:29 iglnierod LOGIN
2023-10-23 19:25:31 iglnierod LOGOUT
2023-10-23 19:25:35 admin LOGIN
2023-10-23 19:25:37 admin LOGOUT
2023-10-23 19:25:48 admin LOGIN
2023-10-23 19:27:00 admin LOGIN
2023-10-23 19:35:10 admin LOGIN
2023-10-23 19:36:17 admin LOGIN
2023-10-23 19:36:20 admin LOGOUT
2023-10-23 19:36:24 admin LOGIN
2023-10-23 19:52:46 admin LOGIN
2023-10-23 19:53:45 admin LOGOUT
2023-10-23 21:07:57 admin LOGIN
2023-10-23 21:13:44 admin LOGIN
2023-10-23 21:13:56 admin LOGOUT
2023-10-23 21:14:10 test LOGIN
2023-10-23 21:14:13 test LOGOUT
2023-10-23 21:14:17 admin LOGIN
2023-10-23 21:14:29 admin LOGOUT
2023-10-23 21:14:52 admin LOGIN
2023-10-23 21:15:05 admin LOGOUT
2023-10-23 21:22:09 admin LOGIN
2023-10-23 21:24:06 admin LOGIN
2023-10-23 21:24:14 admin LOGOUT
2023-10-23 21:24:19 test LOGIN
2023-10-23 21:26:05 admin LOGIN
2023-10-23 21:30:16 admin LOGIN
2023-10-23 21:40:01 admin LOGIN
2023-10-23 21:40:09 admin LOGOUT
2023-10-23 21:40:14 admin LOGIN
2023-10-23 21:43:26 admin LOGIN
2023-10-23 21:44:56 admin LOGIN
2023-10-23 21:46:04 admin LOGIN
2023-10-24 23:00:41 admin LOGIN
2023-10-24 23:30:27 admin LOGIN
2023-10-24 23:30:49 admin LOGIN
2023-10-24 23:33:03 admin LOGIN
2023-10-24 23:34:29 admin LOGIN
2023-10-24 23:37:06 admin LOGIN
2023-10-24 23:37:16 admin LOGOUT
2023-10-24 23:41:19 admin LOGIN
2023-10-24 23:41:43 admin LOGOUT
2023-10-24 23:41:50 andres LOGIN
2023-10-24 23:45:30 andres LOGOUT
2023-10-24 23:45:41 admin LOGIN
2023-10-24 23:46:07 admin LOGOUT
2023-10-24 23:46:10 andres LOGIN
2023-10-24 23:47:24 andres LOGOUT
2023-10-24 23:47:27 admin LOGIN
2023-10-25 00:44:08 admin LOGIN
2023-10-25 00:47:10 admin LOGIN
2023-10-25 00:47:32 admin LOGIN
2023-10-25 00:49:32 admin LOGIN
2023-10-25 00:50:21 admin LOGIN
2023-10-25 00:55:33 admin LOGIN
2023-10-25 01:04:06 admin LOGIN
2023-10-25 01:04:18 admin LOGIN
2023-10-25 01:06:06 admin LOGIN
2023-10-25 01:06:32 admin LOGOUT
2023-10-25 01:06:38 Lunnaris LOGIN
2023-10-25 01:06:44 admin LOGIN
2023-10-25 01:07:16 admin LOGIN
2023-10-25 01:09:52 admin LOGIN
2023-10-25 01:10:08 admin LOGOUT
2023-10-25 01:10:11 admin LOGIN
2023-10-25 01:10:32 admin LOGOUT
2023-10-25 01:10:35 admin LOGIN
2023-10-25 01:14:50 Anna LOGIN
2023-10-25 01:14:54 Anna LOGOUT
2023-10-25 01:15:13 admin LOGIN
2023-10-25 01:16:31 admin LOGOUT
2023-10-25 01:17:28 admin LOGIN
